<?xml version="1.0" encoding="UTF-8"?>
<testng-results ignored="0" total="1" passed="1" failed="0" skipped="0">
  <reporter-output>
  </reporter-output>
  <suite started-at="2021-09-28T22:28:20 EDT" name="Default suite" finished-at="2021-09-28T22:28:21 EDT" duration-ms="1083">
    <groups>
    </groups>
    <test started-at="2021-09-28T22:28:20 EDT" name="Default test" finished-at="2021-09-28T22:28:21 EDT" duration-ms="1083">
      <class name="com.teksystem.validateStatusCode">
        <test-method signature="responseCode()[pri:0, instance:com.teksystem.validateStatusCode@12b0404f]" started-at="2021-09-28T22:28:20 EDT" name="responseCode" finished-at="2021-09-28T22:28:21 EDT" duration-ms="1060" status="PASS">
          <reporter-output>
          </reporter-output>
        </test-method> <!-- responseCode -->
      </class> <!-- com.teksystem.validateStatusCode -->
    </test> <!-- Default test -->
  </suite> <!-- Default suite -->
</testng-results>
